This file contains any messages produced by compilers while
running configure, to aid debugging if configure makes a mistake.

It was created by robotworld configure 0.0.1, which was
generated by GNU Autoconf 2.69.  Invocation command line was

  $ ../configure 

## --------- ##
## Platform. ##
## --------- ##

hostname = MacBook-Pro.local
uname -m = x86_64
uname -r = 15.0.0
uname -s = Darwin
uname -v = Darwin Kernel Version 15.0.0: Tue Sep 22 20:33:10 PDT 2015; root:xnu-3247.10.11.1.1~1/RELEASE_X86_64

/usr/bin/uname -p = i386
/bin/uname -X     = unknown

/bin/arch              = unknown
/usr/bin/arch -k       = unknown
/usr/convex/getsysinfo = unknown
/usr/bin/hostinfo      = Mach kernel version:
	 Darwin Kernel Version 15.0.0: Tue Sep 22 20:33:10 PDT 2015; root:xnu-3247.10.11.1.1~1/RELEASE_X86_64
Kernel configured for up to 4 processors.
2 processors are physically available.
4 processors are logically available.
Processor type: x86_64h (Intel x86-64h Haswell)
Processors active: 0 1 2 3
Primary memory available: 8.00 gigabytes
Default processor set: 232 tasks, 915 threads, 4 processors
Load average: 2.27, Mach factor: 2.08
/bin/machine           = unknown
/usr/bin/oslevel       = unknown
/bin/universe          = unknown

PATH: /usr/local/apache-maven/apache-maven-3.3.3//bin
PATH: /usr/local/bin
PATH: /usr/bin
PATH: /bin
PATH: /usr/sbin
PATH: /sbin
PATH: /usr/local/git/bin
PATH: /Users/Sabur/.rvm/bin
PATH: /Users/Sabur/.rvm/bin


## ----------- ##
## Core tests. ##
## ----------- ##

configure:2429: checking for a BSD-compatible install
configure:2497: result: /usr/bin/install -c
configure:2508: checking whether build environment is sane
configure:2563: result: yes
configure:2714: checking for a thread-safe mkdir -p
configure:2753: result: .././install-sh -c -d
configure:2760: checking for gawk
configure:2790: result: no
configure:2760: checking for mawk
configure:2790: result: no
configure:2760: checking for nawk
configure:2790: result: no
configure:2760: checking for awk
configure:2776: found /usr/bin/awk
configure:2787: result: awk
configure:2798: checking whether make sets $(MAKE)
configure:2820: result: yes
configure:2849: checking whether make supports nested variables
configure:2866: result: yes
configure:3026: checking build system type
configure:3040: result: x86_64-apple-darwin15.0.0
configure:3060: checking host system type
configure:3073: result: x86_64-apple-darwin15.0.0
configure:3114: checking how to print strings
configure:3141: result: printf
configure:3174: checking for style of include used by make
configure:3202: result: GNU
configure:3273: checking for gcc
configure:3289: found /usr/bin/gcc
configure:3300: result: gcc
configure:3529: checking for C compiler version
configure:3538: gcc --version >&5
Apple LLVM version 7.0.0 (clang-700.0.72)
Target: x86_64-apple-darwin15.0.0
Thread model: posix
Configured with: --prefix=/Applications/Xcode.app/Contents/Developer/usr --with-gxx-include-dir=/Applications/Xcode.app/Contents/Developer/Platforms/MacOSX.platform/Developer/SDKs/MacOSX10.11.sdk/usr/include/c++/4.2.1
configure:3549: $? = 0
configure:3538: gcc -v >&5
Configured with: --prefix=/Applications/Xcode.app/Contents/Developer/usr --with-gxx-include-dir=/Applications/Xcode.app/Contents/Developer/Platforms/MacOSX.platform/Developer/SDKs/MacOSX10.11.sdk/usr/include/c++/4.2.1
Apple LLVM version 7.0.0 (clang-700.0.72)
Target: x86_64-apple-darwin15.0.0
Thread model: posix
configure:3549: $? = 0
configure:3538: gcc -V >&5
clang: error: argument to '-V' is missing (expected 1 value)
clang: error: no input files
configure:3549: $? = 1
configure:3538: gcc -qversion >&5
clang: error: unknown argument: '-qversion'
clang: error: no input files
configure:3549: $? = 1
configure:3569: checking whether the C compiler works
configure:3591: gcc    conftest.c  >&5
configure:3595: $? = 0
configure:3643: result: yes
configure:3646: checking for C compiler default output file name
configure:3648: result: a.out
configure:3654: checking for suffix of executables
configure:3661: gcc -o conftest    conftest.c  >&5
configure:3665: $? = 0
configure:3687: result: 
configure:3709: checking whether we are cross compiling
configure:3717: gcc -o conftest    conftest.c  >&5
configure:3721: $? = 0
configure:3728: ./conftest
configure:3732: $? = 0
configure:3747: result: no
configure:3752: checking for suffix of object files
configure:3774: gcc -c   conftest.c >&5
configure:3778: $? = 0
configure:3799: result: o
configure:3803: checking whether we are using the GNU C compiler
configure:3822: gcc -c   conftest.c >&5
configure:3822: $? = 0
configure:3831: result: yes
configure:3840: checking whether gcc accepts -g
configure:3860: gcc -c -g  conftest.c >&5
configure:3860: $? = 0
configure:3901: result: yes
configure:3918: checking for gcc option to accept ISO C89
configure:3981: gcc  -c -g -O2  conftest.c >&5
configure:3981: $? = 0
configure:3994: result: none needed
configure:4019: checking whether gcc understands -c and -o together
configure:4041: gcc -c conftest.c -o conftest2.o
configure:4044: $? = 0
configure:4041: gcc -c conftest.c -o conftest2.o
configure:4044: $? = 0
configure:4056: result: yes
configure:4075: checking dependency style of gcc
configure:4186: result: gcc3
configure:4201: checking for a sed that does not truncate output
configure:4265: result: /usr/bin/sed
configure:4283: checking for grep that handles long lines and -e
configure:4341: result: /usr/bin/grep
configure:4346: checking for egrep
configure:4408: result: /usr/bin/grep -E
configure:4413: checking for fgrep
configure:4475: result: /usr/bin/grep -F
configure:4510: checking for ld used by gcc
configure:4577: result: /Applications/Xcode.app/Contents/Developer/Toolchains/XcodeDefault.xctoolchain/usr/bin/ld
configure:4584: checking if the linker (/Applications/Xcode.app/Contents/Developer/Toolchains/XcodeDefault.xctoolchain/usr/bin/ld) is GNU ld
configure:4599: result: no
configure:4611: checking for BSD- or MS-compatible name lister (nm)
configure:4660: result: /usr/bin/nm
configure:4790: checking the name lister (/usr/bin/nm) interface
configure:4797: gcc -c -g -O2  conftest.c >&5
configure:4800: /usr/bin/nm "conftest.o"
configure:4803: output
0000000000000200 S _some_variable
configure:4810: result: BSD nm
configure:4813: checking whether ln -s works
configure:4817: result: yes
configure:4825: checking the maximum length of command line arguments
configure:4956: result: 196608
configure:4973: checking whether the shell understands some XSI constructs
configure:4983: result: yes
configure:4987: checking whether the shell understands "+="
configure:4993: result: yes
configure:5028: checking how to convert x86_64-apple-darwin15.0.0 file names to x86_64-apple-darwin15.0.0 format
configure:5068: result: func_convert_file_noop
configure:5075: checking how to convert x86_64-apple-darwin15.0.0 file names to toolchain format
configure:5095: result: func_convert_file_noop
configure:5102: checking for /Applications/Xcode.app/Contents/Developer/Toolchains/XcodeDefault.xctoolchain/usr/bin/ld option to reload object files
configure:5109: result: -r
configure:5183: checking for objdump
configure:5213: result: no
configure:5242: checking how to recognize dependent libraries
configure:5440: result: pass_all
configure:5525: checking for dlltool
configure:5555: result: no
configure:5585: checking how to associate runtime and link libraries
configure:5612: result: printf %s\n
configure:5673: checking for ar
configure:5689: found /usr/bin/ar
configure:5700: result: ar
configure:5737: checking for archiver @FILE support
configure:5754: gcc -c -g -O2  conftest.c >&5
configure:5754: $? = 0
configure:5757: ar cru libconftest.a @conftest.lst >&5
ar: @conftest.lst: No such file or directory
configure:5760: $? = 1
configure:5780: result: no
configure:5838: checking for strip
configure:5854: found /usr/bin/strip
configure:5865: result: strip
configure:5937: checking for ranlib
configure:5953: found /usr/bin/ranlib
configure:5964: result: ranlib
configure:6066: checking command to parse /usr/bin/nm output from gcc object
configure:6186: gcc -c -g -O2  conftest.c >&5
configure:6189: $? = 0
configure:6193: /usr/bin/nm conftest.o \| sed -n -e 's/^.*[ ]\([BCDEGRST][BCDEGRST]*\)[ ][ ]*\([_A-Za-z][_A-Za-z0-9]*\)$/\1 \2 \2/p' | sed '/ __gnu_lto/d' \> conftest.nm
configure:6196: $? = 0
cannot find nm_test_var in conftest.nm
configure:6186: gcc -c -g -O2  conftest.c >&5
configure:6189: $? = 0
configure:6193: /usr/bin/nm conftest.o \| sed -n -e 's/^.*[ ]\([BCDEGRST][BCDEGRST]*\)[ ][ ]*_\([_A-Za-z][_A-Za-z0-9]*\)$/\1 _\2 \2/p' | sed '/ __gnu_lto/d' \> conftest.nm
configure:6196: $? = 0
configure:6262: gcc -o conftest -g -O2   conftest.c conftstm.o >&5
warning: (x86_64)  could not find object file symbol for symbol _main
configure:6265: $? = 0
configure:6303: result: ok
configure:6340: checking for sysroot
configure:6370: result: no
configure:6639: checking for mt
configure:6669: result: no
configure:6689: checking if : is a manifest tool
configure:6695: : '-?'
configure:6703: result: no
configure:6759: checking for dsymutil
configure:6775: found /usr/bin/dsymutil
configure:6786: result: dsymutil
configure:6851: checking for nmedit
configure:6867: found /usr/bin/nmedit
configure:6878: result: nmedit
configure:6943: checking for lipo
configure:6959: found /usr/bin/lipo
configure:6970: result: lipo
configure:7035: checking for otool
configure:7051: found /usr/bin/otool
configure:7062: result: otool
configure:7127: checking for otool64
configure:7157: result: no
configure:7202: checking for -single_module linker flag
gcc -g -O2  -o libconftest.dylib -dynamiclib -Wl,-single_module conftest.c
configure:7235: result: yes
configure:7238: checking for -exported_symbols_list linker flag
configure:7258: gcc -o conftest -g -O2   -Wl,-exported_symbols_list,conftest.sym conftest.c  >&5
configure:7258: $? = 0
configure:7268: result: yes
configure:7271: checking for -force_load linker flag
gcc -g -O2 -c -o conftest.o conftest.c
ar cru libconftest.a conftest.o
ranlib libconftest.a
gcc -g -O2  -o conftest conftest.c -Wl,-force_load,./libconftest.a
configure:7303: result: yes
configure:7345: checking how to run the C preprocessor
configure:7376: gcc -E  conftest.c
configure:7376: $? = 0
configure:7390: gcc -E  conftest.c
conftest.c:11:10: fatal error: 'ac_nonexistent.h' file not found
#include <ac_nonexistent.h>
         ^
1 error generated.
configure:7390: $? = 1
configure: failed program was:
| /* confdefs.h */
| #define PACKAGE_NAME "robotworld"
| #define PACKAGE_TARNAME "robotworld-0.0.1"
| #define PACKAGE_VERSION "0.0.1"
| #define PACKAGE_STRING "robotworld 0.0.1"
| #define PACKAGE_BUGREPORT "J.Kraaijeveld@askesis.nl"
| #define PACKAGE_URL ""
| #define PACKAGE "robotworld-0.0.1"
| #define VERSION "0.0.1"
| /* end confdefs.h.  */
| #include <ac_nonexistent.h>
configure:7415: result: gcc -E
configure:7435: gcc -E  conftest.c
configure:7435: $? = 0
configure:7449: gcc -E  conftest.c
conftest.c:11:10: fatal error: 'ac_nonexistent.h' file not found
#include <ac_nonexistent.h>
         ^
1 error generated.
configure:7449: $? = 1
configure: failed program was:
| /* confdefs.h */
| #define PACKAGE_NAME "robotworld"
| #define PACKAGE_TARNAME "robotworld-0.0.1"
| #define PACKAGE_VERSION "0.0.1"
| #define PACKAGE_STRING "robotworld 0.0.1"
| #define PACKAGE_BUGREPORT "J.Kraaijeveld@askesis.nl"
| #define PACKAGE_URL ""
| #define PACKAGE "robotworld-0.0.1"
| #define VERSION "0.0.1"
| /* end confdefs.h.  */
| #include <ac_nonexistent.h>
configure:7478: checking for ANSI C header files
configure:7498: gcc -c -g -O2  conftest.c >&5
configure:7498: $? = 0
configure:7571: gcc -o conftest -g -O2   conftest.c  >&5
configure:7571: $? = 0
configure:7571: ./conftest
configure:7571: $? = 0
configure:7582: result: yes
configure:7595: checking for sys/types.h
configure:7595: gcc -c -g -O2  conftest.c >&5
configure:7595: $? = 0
configure:7595: result: yes
configure:7595: checking for sys/stat.h
configure:7595: gcc -c -g -O2  conftest.c >&5
configure:7595: $? = 0
configure:7595: result: yes
configure:7595: checking for stdlib.h
configure:7595: gcc -c -g -O2  conftest.c >&5
configure:7595: $? = 0
configure:7595: result: yes
configure:7595: checking for string.h
configure:7595: gcc -c -g -O2  conftest.c >&5
configure:7595: $? = 0
configure:7595: result: yes
configure:7595: checking for memory.h
configure:7595: gcc -c -g -O2  conftest.c >&5
configure:7595: $? = 0
configure:7595: result: yes
configure:7595: checking for strings.h
configure:7595: gcc -c -g -O2  conftest.c >&5
configure:7595: $? = 0
configure:7595: result: yes
configure:7595: checking for inttypes.h
configure:7595: gcc -c -g -O2  conftest.c >&5
configure:7595: $? = 0
configure:7595: result: yes
configure:7595: checking for stdint.h
configure:7595: gcc -c -g -O2  conftest.c >&5
configure:7595: $? = 0
configure:7595: result: yes
configure:7595: checking for unistd.h
configure:7595: gcc -c -g -O2  conftest.c >&5
configure:7595: $? = 0
configure:7595: result: yes
configure:7609: checking for dlfcn.h
configure:7609: gcc -c -g -O2  conftest.c >&5
configure:7609: $? = 0
configure:7609: result: yes
configure:7815: checking for objdir
configure:7830: result: .libs
configure:8101: checking if gcc supports -fno-rtti -fno-exceptions
configure:8119: gcc -c -g -O2  -fno-rtti -fno-exceptions conftest.c >&5
configure:8123: $? = 0
configure:8136: result: yes
configure:8463: checking for gcc option to produce PIC
configure:8470: result: -fno-common -DPIC
configure:8478: checking if gcc PIC flag -fno-common -DPIC works
configure:8496: gcc -c -g -O2  -fno-common -DPIC -DPIC conftest.c >&5
configure:8500: $? = 0
configure:8513: result: yes
configure:8542: checking if gcc static flag -static works
configure:8570: result: no
configure:8585: checking if gcc supports -c -o file.o
configure:8606: gcc -c -g -O2  -o out/conftest2.o conftest.c >&5
configure:8610: $? = 0
configure:8632: result: yes
configure:8640: checking if gcc supports -c -o file.o
configure:8687: result: yes
configure:8720: checking whether the gcc linker (/Applications/Xcode.app/Contents/Developer/Toolchains/XcodeDefault.xctoolchain/usr/bin/ld) supports shared libraries
configure:9877: result: yes
configure:10117: checking dynamic linker characteristics
configure:10851: result: darwin15.0.0 dyld
configure:10958: checking how to hardcode library paths into programs
configure:10983: result: immediate
configure:11523: checking whether stripping libraries is possible
configure:11537: result: yes
configure:11563: checking if libtool supports shared libraries
configure:11565: result: yes
configure:11568: checking whether to build shared libraries
configure:11589: result: yes
configure:11592: checking whether to build static libraries
configure:11596: result: yes
configure:11634: checking whether make sets $(MAKE)
configure:11656: result: yes
configure:11714: checking for gcc
configure:11741: result: gcc
configure:11970: checking for C compiler version
configure:11979: gcc --version >&5
Apple LLVM version 7.0.0 (clang-700.0.72)
Target: x86_64-apple-darwin15.0.0
Thread model: posix
Configured with: --prefix=/Applications/Xcode.app/Contents/Developer/usr --with-gxx-include-dir=/Applications/Xcode.app/Contents/Developer/Platforms/MacOSX.platform/Developer/SDKs/MacOSX10.11.sdk/usr/include/c++/4.2.1
configure:11990: $? = 0
configure:11979: gcc -v >&5
Configured with: --prefix=/Applications/Xcode.app/Contents/Developer/usr --with-gxx-include-dir=/Applications/Xcode.app/Contents/Developer/Platforms/MacOSX.platform/Developer/SDKs/MacOSX10.11.sdk/usr/include/c++/4.2.1
Apple LLVM version 7.0.0 (clang-700.0.72)
Target: x86_64-apple-darwin15.0.0
Thread model: posix
configure:11990: $? = 0
configure:11979: gcc -V >&5
clang: error: argument to '-V' is missing (expected 1 value)
clang: error: no input files
configure:11990: $? = 1
configure:11979: gcc -qversion >&5
clang: error: unknown argument: '-qversion'
clang: error: no input files
configure:11990: $? = 1
configure:11994: checking whether we are using the GNU C compiler
configure:12022: result: yes
configure:12031: checking whether gcc accepts -g
configure:12092: result: yes
configure:12109: checking for gcc option to accept ISO C89
configure:12185: result: none needed
configure:12210: checking whether gcc understands -c and -o together
configure:12247: result: yes
configure:12266: checking dependency style of gcc
configure:12377: result: gcc3
configure:12450: checking for g++
configure:12466: found /usr/bin/g++
configure:12477: result: g++
configure:12504: checking for C++ compiler version
configure:12513: g++ --version >&5
Apple LLVM version 7.0.0 (clang-700.0.72)
Target: x86_64-apple-darwin15.0.0
Thread model: posix
Configured with: --prefix=/Applications/Xcode.app/Contents/Developer/usr --with-gxx-include-dir=/Applications/Xcode.app/Contents/Developer/Platforms/MacOSX.platform/Developer/SDKs/MacOSX10.11.sdk/usr/include/c++/4.2.1
configure:12524: $? = 0
configure:12513: g++ -v >&5
Configured with: --prefix=/Applications/Xcode.app/Contents/Developer/usr --with-gxx-include-dir=/Applications/Xcode.app/Contents/Developer/Platforms/MacOSX.platform/Developer/SDKs/MacOSX10.11.sdk/usr/include/c++/4.2.1
Apple LLVM version 7.0.0 (clang-700.0.72)
Target: x86_64-apple-darwin15.0.0
Thread model: posix
configure:12524: $? = 0
configure:12513: g++ -V >&5
clang: error: argument to '-V' is missing (expected 1 value)
clang: error: no input files
configure:12524: $? = 1
configure:12513: g++ -qversion >&5
clang: error: unknown argument: '-qversion'
clang: error: no input files
configure:12524: $? = 1
configure:12528: checking whether we are using the GNU C++ compiler
configure:12547: g++ -c   conftest.cpp >&5
configure:12547: $? = 0
configure:12556: result: yes
configure:12565: checking whether g++ accepts -g
configure:12585: g++ -c -g  conftest.cpp >&5
configure:12585: $? = 0
configure:12626: result: yes
configure:12651: checking dependency style of g++
configure:12762: result: gcc3
configure:12795: checking how to run the C++ preprocessor
configure:12822: g++ -E  conftest.cpp
configure:12822: $? = 0
configure:12836: g++ -E  conftest.cpp
conftest.cpp:23:10: fatal error: 'ac_nonexistent.h' file not found
#include <ac_nonexistent.h>
         ^
1 error generated.
configure:12836: $? = 1
configure: failed program was:
| /* confdefs.h */
| #define PACKAGE_NAME "robotworld"
| #define PACKAGE_TARNAME "robotworld-0.0.1"
| #define PACKAGE_VERSION "0.0.1"
| #define PACKAGE_STRING "robotworld 0.0.1"
| #define PACKAGE_BUGREPORT "J.Kraaijeveld@askesis.nl"
| #define PACKAGE_URL ""
| #define PACKAGE "robotworld-0.0.1"
| #define VERSION "0.0.1"
| #define STDC_HEADERS 1
| #define HAVE_SYS_TYPES_H 1
| #define HAVE_SYS_STAT_H 1
| #define HAVE_STDLIB_H 1
| #define HAVE_STRING_H 1
| #define HAVE_MEMORY_H 1
| #define HAVE_STRINGS_H 1
| #define HAVE_INTTYPES_H 1
| #define HAVE_STDINT_H 1
| #define HAVE_UNISTD_H 1
| #define HAVE_DLFCN_H 1
| #define LT_OBJDIR ".libs/"
| /* end confdefs.h.  */
| #include <ac_nonexistent.h>
configure:12861: result: g++ -E
configure:12881: g++ -E  conftest.cpp
configure:12881: $? = 0
configure:12895: g++ -E  conftest.cpp
conftest.cpp:23:10: fatal error: 'ac_nonexistent.h' file not found
#include <ac_nonexistent.h>
         ^
1 error generated.
configure:12895: $? = 1
configure: failed program was:
| /* confdefs.h */
| #define PACKAGE_NAME "robotworld"
| #define PACKAGE_TARNAME "robotworld-0.0.1"
| #define PACKAGE_VERSION "0.0.1"
| #define PACKAGE_STRING "robotworld 0.0.1"
| #define PACKAGE_BUGREPORT "J.Kraaijeveld@askesis.nl"
| #define PACKAGE_URL ""
| #define PACKAGE "robotworld-0.0.1"
| #define VERSION "0.0.1"
| #define STDC_HEADERS 1
| #define HAVE_SYS_TYPES_H 1
| #define HAVE_SYS_STAT_H 1
| #define HAVE_STDLIB_H 1
| #define HAVE_STRING_H 1
| #define HAVE_MEMORY_H 1
| #define HAVE_STRINGS_H 1
| #define HAVE_INTTYPES_H 1
| #define HAVE_STDINT_H 1
| #define HAVE_UNISTD_H 1
| #define HAVE_DLFCN_H 1
| #define LT_OBJDIR ".libs/"
| /* end confdefs.h.  */
| #include <ac_nonexistent.h>
configure:13064: checking for ld used by g++
configure:13131: result: /Applications/Xcode.app/Contents/Developer/Toolchains/XcodeDefault.xctoolchain/usr/bin/ld
configure:13138: checking if the linker (/Applications/Xcode.app/Contents/Developer/Toolchains/XcodeDefault.xctoolchain/usr/bin/ld) is GNU ld
configure:13153: result: no
configure:13208: checking whether the g++ linker (/Applications/Xcode.app/Contents/Developer/Toolchains/XcodeDefault.xctoolchain/usr/bin/ld) supports shared libraries
configure:14210: result: yes
configure:14246: g++ -c -g -O2  conftest.cpp >&5
configure:14249: $? = 0
configure:14769: checking for g++ option to produce PIC
configure:14776: result: -fno-common -DPIC
configure:14784: checking if g++ PIC flag -fno-common -DPIC works
configure:14802: g++ -c -g -O2  -fno-common -DPIC -DPIC conftest.cpp >&5
configure:14806: $? = 0
configure:14819: result: yes
configure:14842: checking if g++ static flag -static works
configure:14870: result: no
configure:14882: checking if g++ supports -c -o file.o
configure:14903: g++ -c -g -O2  -o out/conftest2.o conftest.cpp >&5
configure:14907: $? = 0
configure:14929: result: yes
configure:14934: checking if g++ supports -c -o file.o
configure:14981: result: yes
configure:15011: checking whether the g++ linker (/Applications/Xcode.app/Contents/Developer/Toolchains/XcodeDefault.xctoolchain/usr/bin/ld) supports shared libraries
configure:15050: result: yes
configure:15191: checking dynamic linker characteristics
configure:15859: result: darwin15.0.0 dyld
configure:15912: checking how to hardcode library paths into programs
configure:15937: result: immediate
configure:16043: checking for boostlib >= 1.53
configure:16123: g++ -c -g -O2  -I/usr/local/include conftest.cpp >&5
configure:16123: $? = 0
configure:16125: result: yes
configure:16303: checking whether the Boost::System library is available
configure:16327: g++ -c -g -O2  -I/usr/local/include conftest.cpp >&5
conftest.cpp:28:1: warning: expression result unused [-Wunused-value]
boost::system::system_category
^~~~~~~~~~~~~~~~~~~~~~~~~~~~~~
1 warning generated.
configure:16327: $? = 0
configure:16342: result: yes
configure:16357: checking for exit in -lboost_system
configure:16382: g++ -o conftest -g -O2  -I/usr/local/include  -L/usr/local/lib conftest.cpp -lboost_system   >&5
configure:16382: $? = 0
configure:16392: result: yes
configure:16544: checking whether the Boost::Thread library is available
configure:16576: g++ -c -pthread -g -O2  -I/usr/local/include conftest.cpp >&5
configure:16576: $? = 0
configure:16591: result: yes
configure:16620: checking for exit in -lboost_thread-mt
configure:16645: g++ -o conftest -g -O2  -I/usr/local/include  -L/usr/local/lib conftest.cpp -lboost_thread-mt   >&5
configure:16645: $? = 0
configure:16655: result: yes
configure:16814: checking whether the Boost::Date_Time library is available
configure:16838: g++ -c -g -O2  -pthread -I/usr/local/include conftest.cpp >&5
configure:16838: $? = 0
configure:16852: result: yes
configure:16863: checking for exit in -lboost_date_time-mt
configure:16888: g++ -o conftest -g -O2  -pthread -I/usr/local/include  -L/usr/local/lib conftest.cpp -lboost_date_time-mt   >&5
configure:16888: $? = 0
configure:16898: result: yes
configure:17043: checking whether the Boost::Regex library is available
configure:17066: g++ -c -g -O2  -pthread -I/usr/local/include conftest.cpp >&5
conftest.cpp:32:15: warning: empty parentheses interpreted as a function declaration [-Wvexing-parse]
boost::regex r(); return 0;
              ^~
conftest.cpp:32:15: note: remove parentheses to declare a variable
boost::regex r(); return 0;
              ^~
1 warning generated.
configure:17066: $? = 0
configure:17080: result: yes
configure:17091: checking for exit in -lboost_regex-mt
configure:17116: g++ -o conftest -g -O2  -pthread -I/usr/local/include  -L/usr/local/lib conftest.cpp -lboost_regex-mt   >&5
configure:17116: $? = 0
configure:17126: result: yes
configure:17264: WARNING: BOOST_CPPFLAGS -pthread -I/usr/local/include
configure:17272: checking whether the Boost::Serialization library is available
configure:17300: g++ -c -g -O2  -pthread -I/usr/local/include conftest.cpp >&5
In file included from conftest.cpp:29:
In file included from /usr/local/include/boost/archive/text_oarchive.hpp:31:
In file included from /usr/local/include/boost/archive/basic_text_oarchive.hpp:30:
In file included from /usr/local/include/boost/archive/detail/common_oarchive.hpp:22:
In file included from /usr/local/include/boost/archive/detail/interface_oarchive.hpp:23:
In file included from /usr/local/include/boost/archive/detail/oserializer.hpp:38:
In file included from /usr/local/include/boost/serialization/extended_type_info_typeid.hpp:27:
In file included from /usr/local/include/boost/serialization/static_warning.hpp:73:
/usr/local/include/boost/mpl/print.hpp:50:19: warning: in-class initialization of non-static data member is a C++11 extension [-Wc++11-extensions]
    const int m_x = 1 / (sizeof(T) - sizeof(T));
                  ^
1 warning generated.
configure:17300: $? = 0
configure:17314: result: yes
configure:17325: checking for exit in -lboost_serialization-mt
configure:17350: g++ -o conftest -g -O2  -pthread -I/usr/local/include  -L/usr/local/lib conftest.cpp -lboost_serialization-mt   >&5
configure:17350: $? = 0
configure:17360: result: yes
configure:17509: checking whether the Boost::Filesystem library is available
configure:17533: g++ -c -g -O2  -pthread -I/usr/local/include conftest.cpp >&5
configure:17533: $? = 0
configure:17547: result: yes
configure:17558: checking for exit in -lboost_filesystem
configure:17583: g++ -o conftest -g -O2  -pthread -I/usr/local/include  -L/usr/local/lib conftest.cpp -lboost_filesystem   -lboost_system >&5
configure:17583: $? = 0
configure:17593: result: yes
configure:17745: checking whether the Boost::Chrono library is available
configure:17769: g++ -c -g -O2  -pthread -I/usr/local/include conftest.cpp >&5
configure:17769: $? = 0
configure:17784: result: yes
configure:17799: checking for exit in -lboost_chrono-mt
configure:17824: g++ -o conftest -g -O2  -pthread -I/usr/local/include  -L/usr/local/lib conftest.cpp -lboost_chrono-mt   >&5
configure:17824: $? = 0
configure:17834: result: yes
configure:18023: checking for wx-config
configure:18042: found /usr/local/bin/wx-config
configure:18055: result: /usr/local/bin/wx-config
configure:18073: checking for wxWidgets version >= 2.9.4 (--debug=yes)
configure:18116: result: yes (version 3.0.2)
configure:18120: checking for wxWidgets static library
configure:18124: result: no
configure:18344: checking for ANSI C header files
configure:18448: result: yes
configure:18509: result: Enabling development tracing
configure:18647: checking that generated files are newer than configure
configure:18653: result: done
configure:18684: creating ./config.status

## ---------------------- ##
## Running config.status. ##
## ---------------------- ##

This file was extended by robotworld config.status 0.0.1, which was
generated by GNU Autoconf 2.69.  Invocation command line was

  CONFIG_FILES    = 
  CONFIG_HEADERS  = 
  CONFIG_LINKS    = 
  CONFIG_COMMANDS = 
  $ ./config.status 

on MacBook-Pro.local

config.status:1190: creating Makefile
config.status:1190: creating src/Makefile
config.status:1190: creating src/config.h
config.status:1404: executing depfiles commands
config.status:1404: executing libtool commands

## ---------------- ##
## Cache variables. ##
## ---------------- ##

ac_cv_build=x86_64-apple-darwin15.0.0
ac_cv_c_compiler_gnu=yes
ac_cv_cxx_compiler_gnu=yes
ac_cv_env_CCC_set=
ac_cv_env_CCC_value=
ac_cv_env_CC_set=
ac_cv_env_CC_value=
ac_cv_env_CFLAGS_set=
ac_cv_env_CFLAGS_value=
ac_cv_env_CPPFLAGS_set=
ac_cv_env_CPPFLAGS_value=
ac_cv_env_CPP_set=
ac_cv_env_CPP_value=
ac_cv_env_CXXCPP_set=
ac_cv_env_CXXCPP_value=
ac_cv_env_CXXFLAGS_set=
ac_cv_env_CXXFLAGS_value=
ac_cv_env_CXX_set=
ac_cv_env_CXX_value=
ac_cv_env_LDFLAGS_set=
ac_cv_env_LDFLAGS_value=
ac_cv_env_LIBS_set=
ac_cv_env_LIBS_value=
ac_cv_env_build_alias_set=
ac_cv_env_build_alias_value=
ac_cv_env_host_alias_set=
ac_cv_env_host_alias_value=
ac_cv_env_target_alias_set=
ac_cv_env_target_alias_value=
ac_cv_header_dlfcn_h=yes
ac_cv_header_inttypes_h=yes
ac_cv_header_memory_h=yes
ac_cv_header_stdc=yes
ac_cv_header_stdint_h=yes
ac_cv_header_stdlib_h=yes
ac_cv_header_string_h=yes
ac_cv_header_strings_h=yes
ac_cv_header_sys_stat_h=yes
ac_cv_header_sys_types_h=yes
ac_cv_header_unistd_h=yes
ac_cv_host=x86_64-apple-darwin15.0.0
ac_cv_lib_boost_chrono_mt___exit=yes
ac_cv_lib_boost_date_time_mt___exit=yes
ac_cv_lib_boost_filesystem___exit=yes
ac_cv_lib_boost_regex_mt___exit=yes
ac_cv_lib_boost_serialization_mt___exit=yes
ac_cv_lib_boost_system___exit=yes
ac_cv_lib_boost_thread_mt___exit=yes
ac_cv_objext=o
ac_cv_path_EGREP='/usr/bin/grep -E'
ac_cv_path_FGREP='/usr/bin/grep -F'
ac_cv_path_GREP=/usr/bin/grep
ac_cv_path_SED=/usr/bin/sed
ac_cv_path_WX_CONFIG_PATH=/usr/local/bin/wx-config
ac_cv_path_install='/usr/bin/install -c'
ac_cv_prog_AWK=awk
ac_cv_prog_CPP='gcc -E'
ac_cv_prog_CXXCPP='g++ -E'
ac_cv_prog_ac_ct_AR=ar
ac_cv_prog_ac_ct_CC=gcc
ac_cv_prog_ac_ct_CXX=g++
ac_cv_prog_ac_ct_DSYMUTIL=dsymutil
ac_cv_prog_ac_ct_LIPO=lipo
ac_cv_prog_ac_ct_NMEDIT=nmedit
ac_cv_prog_ac_ct_OTOOL=otool
ac_cv_prog_ac_ct_RANLIB=ranlib
ac_cv_prog_ac_ct_STRIP=strip
ac_cv_prog_cc_c89=
ac_cv_prog_cc_g=yes
ac_cv_prog_cxx_g=yes
ac_cv_prog_make_make_set=yes
am_cv_CC_dependencies_compiler_type=gcc3
am_cv_CXX_dependencies_compiler_type=gcc3
am_cv_make_support_nested_variables=yes
am_cv_prog_cc_c_o=yes
ax_cv_boost_chrono=yes
ax_cv_boost_date_time=yes
ax_cv_boost_filesystem=yes
ax_cv_boost_regex=yes
ax_cv_boost_serialization=yes
ax_cv_boost_system=yes
ax_cv_boost_thread=yes
lt_cv_apple_cc_single_mod=yes
lt_cv_ar_at_file=no
lt_cv_deplibs_check_method=pass_all
lt_cv_file_magic_cmd='$MAGIC_CMD'
lt_cv_file_magic_test_file=
lt_cv_ld_exported_symbols_list=yes
lt_cv_ld_force_load=yes
lt_cv_ld_reload_flag=-r
lt_cv_nm_interface='BSD nm'
lt_cv_objdir=.libs
lt_cv_path_LD=/Applications/Xcode.app/Contents/Developer/Toolchains/XcodeDefault.xctoolchain/usr/bin/ld
lt_cv_path_LDCXX=/Applications/Xcode.app/Contents/Developer/Toolchains/XcodeDefault.xctoolchain/usr/bin/ld
lt_cv_path_NM=/usr/bin/nm
lt_cv_path_mainfest_tool=no
lt_cv_prog_compiler_c_o=yes
lt_cv_prog_compiler_c_o_CXX=yes
lt_cv_prog_compiler_pic='-fno-common -DPIC'
lt_cv_prog_compiler_pic_CXX='-fno-common -DPIC'
lt_cv_prog_compiler_pic_works=yes
lt_cv_prog_compiler_pic_works_CXX=yes
lt_cv_prog_compiler_rtti_exceptions=yes
lt_cv_prog_compiler_static_works=no
lt_cv_prog_compiler_static_works_CXX=no
lt_cv_prog_gnu_ld=no
lt_cv_prog_gnu_ldcxx=no
lt_cv_sharedlib_from_linklib_cmd='printf %s\n'
lt_cv_sys_global_symbol_pipe='sed -n -e '\''s/^.*[	 ]\([BCDEGRST][BCDEGRST]*\)[	 ][	 ]*_\([_A-Za-z][_A-Za-z0-9]*\)$/\1 _\2 \2/p'\'' | sed '\''/ __gnu_lto/d'\'''
lt_cv_sys_global_symbol_to_c_name_address='sed -n -e '\''s/^: \([^ ]*\)[ ]*$/  {\"\1\", (void *) 0},/p'\'' -e '\''s/^[BCDEGRST]* \([^ ]*\) \([^ ]*\)$/  {"\2", (void *) \&\2},/p'\'''
lt_cv_sys_global_symbol_to_c_name_address_lib_prefix='sed -n -e '\''s/^: \([^ ]*\)[ ]*$/  {\"\1\", (void *) 0},/p'\'' -e '\''s/^[BCDEGRST]* \([^ ]*\) \(lib[^ ]*\)$/  {"\2", (void *) \&\2},/p'\'' -e '\''s/^[BCDEGRST]* \([^ ]*\) \([^ ]*\)$/  {"lib\2", (void *) \&\2},/p'\'''
lt_cv_sys_global_symbol_to_cdecl='sed -n -e '\''s/^T .* \(.*\)$/extern int \1();/p'\'' -e '\''s/^[BCDEGRST]* .* \(.*\)$/extern char \1;/p'\'''
lt_cv_sys_max_cmd_len=196608
lt_cv_to_host_file_cmd=func_convert_file_noop
lt_cv_to_tool_file_cmd=func_convert_file_noop

## ----------------- ##
## Output variables. ##
## ----------------- ##

ACLOCAL='${SHELL} /Users/Sabur/Documents/Workspace/RobotWereld/missing aclocal-1.15'
AMDEPBACKSLASH='\'
AMDEP_FALSE='#'
AMDEP_TRUE=''
AMTAR='$${TAR-tar}'
AM_BACKSLASH='\'
AM_CFLAGS='-O0 -pg -g3'
AM_CPPFLAGS='-DDEVELOPMENT'
AM_CXXFLAGS='-O0 -pg -g3'
AM_DEFAULT_V='$(AM_DEFAULT_VERBOSITY)'
AM_DEFAULT_VERBOSITY='1'
AM_LDFLAGS='-no-undefined'
AM_LIBTOOLFLAGS='--silent'
AM_V='$(V)'
AR='ar'
AUTOCONF='${SHELL} /Users/Sabur/Documents/Workspace/RobotWereld/missing autoconf'
AUTOHEADER='${SHELL} /Users/Sabur/Documents/Workspace/RobotWereld/missing autoheader'
AUTOMAKE='${SHELL} /Users/Sabur/Documents/Workspace/RobotWereld/missing automake-1.15'
AWK='awk'
BOOST_CHRONO_LIB='-lboost_chrono-mt'
BOOST_CPPFLAGS='-pthread -I/usr/local/include'
BOOST_DATE_TIME_LIB='-lboost_date_time-mt'
BOOST_FILESYSTEM_LIB='-lboost_filesystem'
BOOST_LDFLAGS='-L/usr/local/lib'
BOOST_LIBS='-lboost_system  -lboost_thread-mt -lboost_date_time-mt -lboost_filesystem -lboost_chrono-mt'
BOOST_REGEX_LIB='-lboost_regex-mt'
BOOST_SERIALIZATION_LIB='-lboost_serialization-mt'
BOOST_SYSTEM_LIB='-lboost_system'
BOOST_THREAD_LIB='-lboost_thread-mt'
CC='gcc'
CCDEPMODE='depmode=gcc3'
CFLAGS='-g -O2'
CPP='gcc -E'
CPPFLAGS=''
CXX='g++'
CXXCPP='g++ -E'
CXXDEPMODE='depmode=gcc3'
CXXFLAGS='-g -O2'
CYGPATH_W='echo'
DEFS='-DHAVE_CONFIG_H'
DEPDIR='.deps'
DLLTOOL='false'
DSYMUTIL='dsymutil'
DUMPBIN=''
ECHO_C='\c'
ECHO_N=''
ECHO_T=''
EGREP='/usr/bin/grep -E'
EXEEXT=''
FGREP='/usr/bin/grep -F'
GREP='/usr/bin/grep'
INSTALL_DATA='${INSTALL} -m 644'
INSTALL_PROGRAM='${INSTALL}'
INSTALL_SCRIPT='${INSTALL}'
INSTALL_STRIP_PROGRAM='$(install_sh) -c -s'
LD='/Applications/Xcode.app/Contents/Developer/Toolchains/XcodeDefault.xctoolchain/usr/bin/ld'
LDFLAGS=''
LIBOBJS=''
LIBS=''
LIBTOOL='$(SHELL) $(top_builddir)/libtool'
LIPO='lipo'
LN_S='ln -s'
LTLIBOBJS=''
MAKEINFO='${SHELL} /Users/Sabur/Documents/Workspace/RobotWereld/missing makeinfo'
MANIFEST_TOOL=':'
MKDIR_P='.././install-sh -c -d'
NM='/usr/bin/nm'
NMEDIT='nmedit'
OBJDUMP='false'
OBJEXT='o'
OTOOL64=':'
OTOOL='otool'
PACKAGE='robotworld-0.0.1'
PACKAGE_BUGREPORT='J.Kraaijeveld@askesis.nl'
PACKAGE_NAME='robotworld'
PACKAGE_STRING='robotworld 0.0.1'
PACKAGE_TARNAME='robotworld-0.0.1'
PACKAGE_URL=''
PACKAGE_VERSION='0.0.1'
PATH_SEPARATOR=':'
RANLIB='ranlib'
ROBOTWORLD_CFLAGS='-pipe -Wall -Wextra'
ROBOTWORLD_CPPFLAGS=''
ROBOTWORLD_CXXFLAGS='-pipe -Wall -Wextra -std=gnu++11'
ROBOTWORLD_LDFLAGS=''
SED='/usr/bin/sed'
SET_MAKE=''
SHELL='/bin/sh'
SOCKET_LIBS=''
STRIP='strip'
VERSION='0.0.1'
WX_CFLAGS='-I/usr/local/Cellar/wxmac/3.0.2/lib/wx/include/osx_cocoa-unicode-3.0 -I/usr/local/Cellar/wxmac/3.0.2/include/wx-3.0 -D_FILE_OFFSET_BITS=64 -DwxDEBUG_LEVEL=0 -DWXUSINGDLL -D__WXMAC__ -D__WXOSX__ -D__WXOSX_COCOA__ '
WX_CFLAGS_ONLY=''
WX_CONFIG_PATH='/usr/local/bin/wx-config'
WX_CPPFLAGS='-I/usr/local/Cellar/wxmac/3.0.2/lib/wx/include/osx_cocoa-unicode-3.0 -I/usr/local/Cellar/wxmac/3.0.2/include/wx-3.0 -D_FILE_OFFSET_BITS=64 -DwxDEBUG_LEVEL=0 -DWXUSINGDLL -D__WXMAC__ -D__WXOSX__ -D__WXOSX_COCOA__'
WX_CXXFLAGS='-I/usr/local/Cellar/wxmac/3.0.2/lib/wx/include/osx_cocoa-unicode-3.0 -I/usr/local/Cellar/wxmac/3.0.2/include/wx-3.0 -D_FILE_OFFSET_BITS=64 -DwxDEBUG_LEVEL=0 -DWXUSINGDLL -D__WXMAC__ -D__WXOSX__ -D__WXOSX_COCOA__ '
WX_CXXFLAGS_ONLY='-I/usr/local/Cellar/wxmac/3.0.2/lib/wx/include/osx_cocoa-unicode-3.0 -I/usr/local/Cellar/wxmac/3.0.2/include/wx-3.0 -D_FILE_OFFSET_BITS=64 -DwxDEBUG_LEVEL=0 -DWXUSINGDLL -D__WXMAC__ -D__WXOSX__ -D__WXOSX_COCOA__'
WX_LIBS='-L/usr/local/Cellar/wxmac/3.0.2/lib   -framework IOKit -framework Carbon -framework Cocoa -framework AudioToolbox -framework System -framework OpenGL -lwx_osx_cocoau_xrc-3.0 -lwx_osx_cocoau_webview-3.0 -lwx_osx_cocoau_html-3.0 -lwx_osx_cocoau_qa-3.0 -lwx_osx_cocoau_adv-3.0 -lwx_osx_cocoau_core-3.0 -lwx_baseu_xml-3.0 -lwx_baseu_net-3.0 -lwx_baseu-3.0 '
WX_LIBS_STATIC=''
WX_RESCOMP='cat /dev/null | Rez -d __DARWIN__ -t APPL /usr/local/Cellar/wxmac/3.0.2/lib/libwx_osx_cocoau-3.0.2.r'
WX_VERSION='3.0.2'
WX_VERSION_MAJOR='3'
WX_VERSION_MICRO='2'
WX_VERSION_MINOR='0'
ac_ct_AR='ar'
ac_ct_CC='gcc'
ac_ct_CXX='g++'
ac_ct_DUMPBIN=''
am__EXEEXT_FALSE=''
am__EXEEXT_TRUE='#'
am__fastdepCC_FALSE='#'
am__fastdepCC_TRUE=''
am__fastdepCXX_FALSE='#'
am__fastdepCXX_TRUE=''
am__include='include'
am__isrc=' -I$(srcdir)'
am__leading_dot='.'
am__nodep='_no'
am__quote=''
am__tar='$${TAR-tar} chof - "$$tardir"'
am__untar='$${TAR-tar} xf -'
bindir='${exec_prefix}/bin'
build='x86_64-apple-darwin15.0.0'
build_alias=''
build_cpu='x86_64'
build_os='darwin15.0.0'
build_vendor='apple'
datadir='${datarootdir}'
datarootdir='${prefix}/share'
docdir='${datarootdir}/doc/${PACKAGE_TARNAME}'
dvidir='${docdir}'
exec_prefix='${prefix}'
host='x86_64-apple-darwin15.0.0'
host_alias=''
host_cpu='x86_64'
host_os='darwin15.0.0'
host_vendor='apple'
htmldir='${docdir}'
includedir='${prefix}/include'
infodir='${datarootdir}/info'
install_sh='${SHELL} /Users/Sabur/Documents/Workspace/RobotWereld/install-sh'
libdir='${exec_prefix}/lib'
libexecdir='${exec_prefix}/libexec'
localedir='${datarootdir}/locale'
localstatedir='${prefix}/var'
mandir='${datarootdir}/man'
mkdir_p='$(MKDIR_P)'
oldincludedir='/usr/include'
pdfdir='${docdir}'
prefix='/usr/local'
program_transform_name='s,x,x,'
psdir='${docdir}'
sbindir='${exec_prefix}/sbin'
sharedstatedir='${prefix}/com'
sysconfdir='${prefix}/etc'
target_alias=''

## ----------- ##
## confdefs.h. ##
## ----------- ##

/* confdefs.h */
#define PACKAGE_NAME "robotworld"
#define PACKAGE_TARNAME "robotworld-0.0.1"
#define PACKAGE_VERSION "0.0.1"
#define PACKAGE_STRING "robotworld 0.0.1"
#define PACKAGE_BUGREPORT "J.Kraaijeveld@askesis.nl"
#define PACKAGE_URL ""
#define PACKAGE "robotworld-0.0.1"
#define VERSION "0.0.1"
#define STDC_HEADERS 1
#define HAVE_SYS_TYPES_H 1
#define HAVE_SYS_STAT_H 1
#define HAVE_STDLIB_H 1
#define HAVE_STRING_H 1
#define HAVE_MEMORY_H 1
#define HAVE_STRINGS_H 1
#define HAVE_INTTYPES_H 1
#define HAVE_STDINT_H 1
#define HAVE_UNISTD_H 1
#define HAVE_DLFCN_H 1
#define LT_OBJDIR ".libs/"
#define HAVE_BOOST /**/
#define HAVE_BOOST_SYSTEM /**/
#define HAVE_BOOST_THREAD /**/
#define HAVE_BOOST_DATE_TIME /**/
#define HAVE_BOOST_REGEX /**/
#define HAVE_BOOST_SERIALIZATION /**/
#define HAVE_BOOST_FILESYSTEM /**/
#define HAVE_BOOST_CHRONO /**/
#define HAVE_WXWIDGETS 1
#define STDC_HEADERS 1

configure: exit 0

## ---------------------- ##
## Running config.status. ##
## ---------------------- ##

This file was extended by robotworld config.status 0.0.1, which was
generated by GNU Autoconf 2.69.  Invocation command line was

  CONFIG_FILES    = 
  CONFIG_HEADERS  = 
  CONFIG_LINKS    = 
  CONFIG_COMMANDS = 
  $ ./config.status Makefile

on MacBook-Pro.local

config.status:1190: creating Makefile

## ---------------------- ##
## Running config.status. ##
## ---------------------- ##

This file was extended by robotworld config.status 0.0.1, which was
generated by GNU Autoconf 2.69.  Invocation command line was

  CONFIG_FILES    = 
  CONFIG_HEADERS  = 
  CONFIG_LINKS    = 
  CONFIG_COMMANDS = 
  $ ./config.status src/Makefile depfiles

on MacBook-Pro.local

config.status:1190: creating src/Makefile
config.status:1404: executing depfiles commands

## ---------------------- ##
## Running config.status. ##
## ---------------------- ##

This file was extended by robotworld config.status 0.0.1, which was
generated by GNU Autoconf 2.69.  Invocation command line was

  CONFIG_FILES    = 
  CONFIG_HEADERS  = 
  CONFIG_LINKS    = 
  CONFIG_COMMANDS = 
  $ ./config.status src/config.h

on MacBook-Pro.local

config.status:1190: creating src/config.h
config.status:1356: src/config.h is unchanged
